Flutter crash report.
Please report a bug at https://github.com/flutter/flutter/issues.

## command

flutter run

## exception

FileSystemException: FileSystemException: Exists failed, path = 'C:\Users\ducker\Desktop\Flutter 2 Bootcamp\App from Loong\layout_EP9-2\https:\\covid19.ddc.moph.go.th\api\Cases' (OS Error: The filename, directory name, or volume label syntax is incorrect.
, errno = 123)

```
#0      _Directory.existsSync (dart:io/directory_impl.dart:94:7)
#1      ForwardingFileSystemEntity.existsSync (package:file/src/forwarding/forwarding_file_system_entity.dart:43:33)
#2      ErrorHandlingDirectory.existsSync.<anonymous closure> (package:flutter_tools/src/base/error_handling_io.dart:479:22)
#3      _runSync (package:flutter_tools/src/base/error_handling_io.dart:573:14)
#4      ErrorHandlingDirectory.existsSync (package:flutter_tools/src/base/error_handling_io.dart:478:12)
#5      _AssetDirectoryCache.variantsFor (package:flutter_tools/src/asset.dart:896:43)
#6      ManifestAssetBundle._parseAssetFromFile (package:flutter_tools/src/asset.dart:738:37)
#7      ManifestAssetBundle._parseAssets (package:flutter_tools/src/asset.dart:643:9)
#8      ManifestAssetBundle.build (package:flutter_tools/src/asset.dart:229:53)
<asynchronous suspension>
#9      ResidentWebRunner._updateDevFS (package:flutter_tools/src/isolated/resident_web_runner.dart:724:26)
<asynchronous suspension>
#10     ResidentWebRunner.run.<anonymous closure> (package:flutter_tools/src/isolated/resident_web_runner.dart:522:41)
<asynchronous suspension>
#11     asyncGuard.<anonymous closure> (package:flutter_tools/src/base/async_guard.dart:111:24)
<asynchronous suspension>
```

## flutter doctor

```
[✓] Flutter (Channel stable, 2.2.3, on Microsoft Windows [Version 10.0.19042.1165], locale en-US)
    • Flutter version 2.2.3 at C:\flutter
    • Framework revision f4abaa0735 (9 weeks ago), 2021-07-01 12:46:11 -0700
    • Engine revision 241c87ad80
    • Dart version 2.13.4

[✓] Android toolchain - develop for Android devices (Android SDK version 30.0.3)
    • Android SDK at C:\Users\ducker\AppData\Local\Android\Sdk
    • Platform android-30, build-tools 30.0.3
    • ANDROID_HOME = C:\Users\ducker\AppData\Local\Android\Sdk
    • Java binary at: C:\Program Files\Android\Android Studio\jre\bin\java
    • Java version OpenJDK Runtime Environment (build 11.0.8+10-b944.6842174)
    • All Android licenses accepted.

[✓] Chrome - develop for the web
    • Chrome at C:\Program Files\Google\Chrome\Application\chrome.exe

[✓] Android Studio
    • Android Studio at C:\Program Files\Android\Android Studio
    • Flutter plugin can be installed from:
      🔨 https://plugins.jetbrains.com/plugin/9212-flutter
    • Dart plugin can be installed from:
      🔨 https://plugins.jetbrains.com/plugin/6351-dart
    • android-studio-dir = C:\Program Files\Android\Android Studio
    • Java version OpenJDK Runtime Environment (build 11.0.8+10-b944.6842174)

[✓] VS Code (version 1.60.0)
    • VS Code at C:\Users\ducker\AppData\Local\Programs\Microsoft VS Code
    • Flutter extension version 3.26.0

[✓] Connected device (2 available)
    • Chrome (web) • chrome • web-javascript • Google Chrome 92.0.4515.159
    • Edge (web)   • edge   • web-javascript • Microsoft Edge 92.0.902.84

• No issues found!
```
